\BOOKMARK [0][-]{section*.1}{Contents}{}% 1
\BOOKMARK [0][-]{chapter.1}{Origins of Quantum Mechanics}{}% 2
\BOOKMARK [1][-]{section.1.1}{The Breakdown of Classical Mechanics}{chapter.1}% 3
\BOOKMARK [1][-]{section.1.2}{Wavefunctions and Mathematical Tools}{chapter.1}% 4
\BOOKMARK [1][-]{section.1.3}{Summary - The Postulates of Quantum Mechanics}{chapter.1}% 5
\BOOKMARK [0][-]{chapter.2}{Translational Motion}{}% 6
\BOOKMARK [1][-]{section.2.1}{Free Motion in 1 Dimension}{chapter.2}% 7
\BOOKMARK [1][-]{section.2.2}{Particle in a 1D Box}{chapter.2}% 8
\BOOKMARK [1][-]{section.2.3}{Chapter 2 Summary}{chapter.2}% 9
\BOOKMARK [0][-]{chapter.3}{Vibrational Motion}{}% 10
\BOOKMARK [1][-]{section.3.1}{The Classical Harmonic Oscillator}{chapter.3}% 11
\BOOKMARK [1][-]{section.3.2}{The Quantum Harmonic Oscillator}{chapter.3}% 12
\BOOKMARK [1][-]{section.3.3}{Chapter 3 Summary}{chapter.3}% 13
\BOOKMARK [0][-]{chapter.4}{Rotational Motion}{}% 14
\BOOKMARK [1][-]{section.4.1}{Angular Momentum}{chapter.4}% 15
\BOOKMARK [1][-]{section.4.2}{Quantum Mechanical Rotation}{chapter.4}% 16
\BOOKMARK [1][-]{section.4.3}{The Particle on a Sphere}{chapter.4}% 17
\BOOKMARK [1][-]{section.4.4}{Chapter 4 Summary}{chapter.4}% 18
\BOOKMARK [0][-]{chapter.5}{The Born-Oppenheimer Approximation}{}% 19
\BOOKMARK [1][-]{section.5.1}{Origins}{chapter.5}% 20
\BOOKMARK [1][-]{section.5.2}{Applications to Molecular Spectroscopy}{chapter.5}% 21
\BOOKMARK [1][-]{section.5.3}{Chapter 5 Summary}{chapter.5}% 22
\BOOKMARK [0][-]{chapter.6}{Rotational and Vibrational Quantisation of Molecules}{}% 23
\BOOKMARK [1][-]{section.6.1}{Spectroscopy}{chapter.6}% 24
\BOOKMARK [1][-]{section.6.2}{Rotational Quantisation}{chapter.6}% 25
\BOOKMARK [1][-]{section.6.3}{Vibrational Quantisation}{chapter.6}% 26
\BOOKMARK [1][-]{section.6.4}{Conclusion}{chapter.6}% 27
\BOOKMARK [0][-]{section*.65}{Appendices}{}% 28
\BOOKMARK [0][-]{appendix.A}{Construction of Operators}{}% 29
\BOOKMARK [0][-]{appendix.B}{More Advanced Mathematical Concepts in QM}{}% 30
\BOOKMARK [1][-]{section.B.1}{Dirac Bra-ket Notation}{appendix.B}% 31
\BOOKMARK [1][-]{section.B.2}{Hermitian Operators}{appendix.B}% 32
\BOOKMARK [0][-]{appendix.C}{Classification of Molecular Rotors}{}% 33
\BOOKMARK [0][-]{appendix.D}{Transition Dipole Moments}{}% 34
